Release 10.1.03 - xst K.39 (nt)
Copyright (c) 1995-2008 Xilinx, Inc.  All rights reserved.
--> Parameter TMPDIR set to C:/Designs/Mekal_Tomaszewski/divider/xst/projnav.tmp


Total REAL time to Xst completion: 0.00 secs
Total CPU time to Xst completion: 0.06 secs
 
--> Parameter xsthdpdir set to C:/Designs/Mekal_Tomaszewski/divider/xst


Total REAL time to Xst completion: 0.00 secs
Total CPU time to Xst completion: 0.06 secs
 
--> Reading design: top.prj

TABLE OF CONTENTS
  1) Synthesis Options Summary
  2) HDL Compilation
  3) Design Hierarchy Analysis
  4) HDL Analysis
  5) HDL Synthesis
     5.1) HDL Synthesis Report
  6) Advanced HDL Synthesis
     6.1) Advanced HDL Synthesis Report
  7) Low Level Synthesis
  8) Partition Report
  9) Final Report
     9.1) Device utilization summary
     9.2) Partition Resource Summary
     9.3) TIMING REPORT


=========================================================================
*                      Synthesis Options Summary                        *
=========================================================================
---- Source Parameters
Input File Name                    : "top.prj"
Input Format                       : mixed
Ignore Synthesis Constraint File   : NO

---- Target Parameters
Output File Name                   : "top"
Output Format                      : NGC
Target Device                      : xc3s200-4-ft256

---- Source Options
Top Module Name                    : top
Automatic FSM Extraction           : YES
FSM Encoding Algorithm             : Auto
Safe Implementation                : No
FSM Style                          : lut
RAM Extraction                     : Yes
RAM Style                          : Auto
ROM Extraction                     : Yes
Mux Style                          : Auto
Decoder Extraction                 : YES
Priority Encoder Extraction        : YES
Shift Register Extraction          : YES
Logical Shifter Extraction         : YES
XOR Collapsing                     : YES
ROM Style                          : Auto
Mux Extraction                     : YES
Resource Sharing                   : YES
Asynchronous To Synchronous        : NO
Multiplier Style                   : auto
Automatic Register Balancing       : No

---- Target Options
Add IO Buffers                     : YES
Global Maximum Fanout              : 500
Add Generic Clock Buffer(BUFG)     : 8
Register Duplication               : YES
Slice Packing                      : YES
Optimize Instantiated Primitives   : NO
Use Clock Enable                   : Yes
Use Synchronous Set                : Yes
Use Synchronous Reset              : Yes
Pack IO Registers into IOBs        : auto
Equivalent register Removal        : YES

---- General Options
Optimization Goal                  : Speed
Optimization Effort                : 1
Library Search Order               : top.lso
Keep Hierarchy                     : NO
Netlist Hierarchy                  : as_optimized
RTL Output                         : Yes
Global Optimization                : AllClockNets
Read Cores                         : YES
Write Timing Constraints           : NO
Cross Clock Analysis               : NO
Hierarchy Separator                : /
Bus Delimiter                      : <>
Case Specifier                     : maintain
Slice Utilization Ratio            : 100
BRAM Utilization Ratio             : 100
Verilog 2001                       : YES
Auto BRAM Packing                  : NO
Slice Utilization Ratio Delta      : 5

=========================================================================


=========================================================================
*                          HDL Compilation                              *
=========================================================================
Compiling verilog file "top.v" in library work
Module <top> compiled
No errors in compilation
Analysis of file <"top.prj"> succeeded.
 

=========================================================================
*                     Design Hierarchy Analysis                         *
=========================================================================
Analyzing hierarchy for module <top> in library <work> with parameters.
	N = "00000010111110101111000010000000"


=========================================================================
*                            HDL Analysis                               *
=========================================================================
Analyzing top module <top>.
	N = 32'b00000010111110101111000010000000
Module <top> is correct for synthesis.
 

=========================================================================
*                           HDL Synthesis                               *
=========================================================================

Performing bidirectional port resolution...
INFO:Xst:2679 - Register <cnt> in unit <top> has a constant value of 00000000000000000000000000000000 during circuit operation. The register is replaced by logic.

Synthesizing Unit <top>.
    Related source file is "top.v".
    Found 32-bit up counter for signal <cnt>.
    Found 32-bit comparator greater for signal <led_o$cmp_gt0000> created at line 46.
    Summary:
	inferred   1 Counter(s).
	inferred   1 Comparator(s).
Unit <top> synthesized.


=========================================================================
HDL Synthesis Report

Macro Statistics
# Counters                                             : 1
 32-bit up counter                                     : 1
# Comparators                                          : 1
 32-bit comparator greater                             : 1

=========================================================================

=========================================================================
*                       Advanced HDL Synthesis                          *
=========================================================================

Loading device for application Rf_Device from file '3s200.nph' in environment C:\Xilinx\10.1\ISE.

=========================================================================
Advanced HDL Synthesis Report

Macro Statistics
# Counters                                             : 1
 32-bit up counter                                     : 1
# Comparators                                          : 1
 32-bit comparator greater                             : 1

=========================================================================

=========================================================================
*                         Low Level Synthesis                           *
=========================================================================

ERROR:Xst:528 - Multi-source in Unit <top> on signal <Mcount_cnt_cy<0>>; this signal is connected to multiple drivers.
Drivers are: 
   Output signal of FDC instance <cnt_0>
   Signal <cnt<0>> in Unit <top> is assigned to GND

ERROR:Xst:528 - Multi-source in Unit <top> on signal <Mcount_cnt2>; this signal is connected to multiple drivers.
Drivers are: 
   Output signal of FDC instance <cnt_1>
   Signal <cnt<1>> in Unit <top> is assigned to GND

ERROR:Xst:528 - Multi-source in Unit <top> on signal <Mcount_cnt4>; this signal is connected to multiple drivers.
Drivers are: 
   Output signal of FDC instance <cnt_2>
   Signal <cnt<2>> in Unit <top> is assigned to GND

ERROR:Xst:528 - Multi-source in Unit <top> on signal <Mcount_cnt6>; this signal is connected to multiple drivers.
Drivers are: 
   Output signal of FDC instance <cnt_3>
   Signal <cnt<3>> in Unit <top> is assigned to GND

ERROR:Xst:528 - Multi-source in Unit <top> on signal <Mcount_cnt8>; this signal is connected to multiple drivers.
Drivers are: 
   Output signal of FDC instance <cnt_4>
   Signal <cnt<4>> in Unit <top> is assigned to GND

ERROR:Xst:528 - Multi-source in Unit <top> on signal <Mcount_cnt10>; this signal is connected to multiple drivers.
Drivers are: 
   Output signal of FDC instance <cnt_5>
   Signal <cnt<5>> in Unit <top> is assigned to GND

ERROR:Xst:528 - Multi-source in Unit <top> on signal <Mcount_cnt12>; this signal is connected to multiple drivers.
Drivers are: 
   Output signal of FDC instance <cnt_6>
   Signal <cnt<6>> in Unit <top> is assigned to GND

ERROR:Xst:528 - Multi-source in Unit <top> on signal <Mcount_cnt14>; this signal is connected to multiple drivers.
Drivers are: 
   Output signal of FDC instance <cnt_7>
   Signal <cnt<7>> in Unit <top> is assigned to GND

ERROR:Xst:528 - Multi-source in Unit <top> on signal <Mcount_cnt16>; this signal is connected to multiple drivers.
Drivers are: 
   Output signal of FDC instance <cnt_8>
   Signal <cnt<8>> in Unit <top> is assigned to GND

ERROR:Xst:528 - Multi-source in Unit <top> on signal <Mcount_cnt18>; this signal is connected to multiple drivers.
Drivers are: 
   Output signal of FDC instance <cnt_9>
   Signal <cnt<9>> in Unit <top> is assigned to GND

ERROR:Xst:528 - Multi-source in Unit <top> on signal <Mcount_cnt20>; this signal is connected to multiple drivers.
Drivers are: 
   Output signal of FDC instance <cnt_10>
   Signal <cnt<10>> in Unit <top> is assigned to GND

ERROR:Xst:528 - Multi-source in Unit <top> on signal <Mcount_cnt22>; this signal is connected to multiple drivers.
Drivers are: 
   Output signal of FDC instance <cnt_11>
   Signal <cnt<11>> in Unit <top> is assigned to GND

ERROR:Xst:528 - Multi-source in Unit <top> on signal <Mcount_cnt24>; this signal is connected to multiple drivers.
Drivers are: 
   Output signal of FDC instance <cnt_12>
   Signal <cnt<12>> in Unit <top> is assigned to GND

ERROR:Xst:528 - Multi-source in Unit <top> on signal <Mcount_cnt26>; this signal is connected to multiple drivers.
Drivers are: 
   Output signal of FDC instance <cnt_13>
   Signal <cnt<13>> in Unit <top> is assigned to GND

ERROR:Xst:528 - Multi-source in Unit <top> on signal <Mcount_cnt28>; this signal is connected to multiple drivers.
Drivers are: 
   Output signal of FDC instance <cnt_14>
   Signal <cnt<14>> in Unit <top> is assigned to GND

ERROR:Xst:528 - Multi-source in Unit <top> on signal <Mcount_cnt30>; this signal is connected to multiple drivers.
Drivers are: 
   Output signal of FDC instance <cnt_15>
   Signal <cnt<15>> in Unit <top> is assigned to GND

ERROR:Xst:528 - Multi-source in Unit <top> on signal <Mcount_cnt32>; this signal is connected to multiple drivers.
Drivers are: 
   Output signal of FDC instance <cnt_16>
   Signal <cnt<16>> in Unit <top> is assigned to GND

ERROR:Xst:528 - Multi-source in Unit <top> on signal <Mcount_cnt34>; this signal is connected to multiple drivers.
Drivers are: 
   Output signal of FDC instance <cnt_17>
   Signal <cnt<17>> in Unit <top> is assigned to GND

ERROR:Xst:528 - Multi-source in Unit <top> on signal <Mcount_cnt36>; this signal is connected to multiple drivers.
Drivers are: 
   Output signal of FDC instance <cnt_18>
   Signal <cnt<18>> in Unit <top> is assigned to GND

ERROR:Xst:528 - Multi-source in Unit <top> on signal <Mcount_cnt38>; this signal is connected to multiple drivers.
Drivers are: 
   Output signal of FDC instance <cnt_19>
   Signal <cnt<19>> in Unit <top> is assigned to GND

ERROR:Xst:528 - Multi-source in Unit <top> on signal <Mcount_cnt40>; this signal is connected to multiple drivers.
Drivers are: 
   Output signal of FDC instance <cnt_20>
   Signal <cnt<20>> in Unit <top> is assigned to GND

ERROR:Xst:528 - Multi-source in Unit <top> on signal <Mcount_cnt42>; this signal is connected to multiple drivers.
Drivers are: 
   Output signal of FDC instance <cnt_21>
   Signal <cnt<21>> in Unit <top> is assigned to GND

ERROR:Xst:528 - Multi-source in Unit <top> on signal <Mcount_cnt44>; this signal is connected to multiple drivers.
Drivers are: 
   Output signal of FDC instance <cnt_22>
   Signal <cnt<22>> in Unit <top> is assigned to GND

ERROR:Xst:528 - Multi-source in Unit <top> on signal <Mcount_cnt46>; this signal is connected to multiple drivers.
Drivers are: 
   Output signal of FDC instance <cnt_23>
   Signal <cnt<23>> in Unit <top> is assigned to GND

ERROR:Xst:528 - Multi-source in Unit <top> on signal <Mcount_cnt48>; this signal is connected to multiple drivers.
Drivers are: 
   Output signal of FDC instance <cnt_24>
   Signal <cnt<24>> in Unit <top> is assigned to GND

ERROR:Xst:528 - Multi-source in Unit <top> on signal <Mcount_cnt50>; this signal is connected to multiple drivers.
Drivers are: 
   Output signal of FDC instance <cnt_25>
   Signal <cnt<25>> in Unit <top> is assigned to GND

ERROR:Xst:528 - Multi-source in Unit <top> on signal <Mcount_cnt52>; this signal is connected to multiple drivers.
Drivers are: 
   Output signal of FDC instance <cnt_26>
   Signal <cnt<26>> in Unit <top> is assigned to GND

ERROR:Xst:528 - Multi-source in Unit <top> on signal <Mcount_cnt54>; this signal is connected to multiple drivers.
Drivers are: 
   Output signal of FDC instance <cnt_27>
   Signal <cnt<27>> in Unit <top> is assigned to GND

ERROR:Xst:528 - Multi-source in Unit <top> on signal <Mcount_cnt56>; this signal is connected to multiple drivers.
Drivers are: 
   Output signal of FDC instance <cnt_28>
   Signal <cnt<28>> in Unit <top> is assigned to GND

ERROR:Xst:528 - Multi-source in Unit <top> on signal <Mcount_cnt58>; this signal is connected to multiple drivers.
Drivers are: 
   Output signal of FDC instance <cnt_29>
   Signal <cnt<29>> in Unit <top> is assigned to GND

ERROR:Xst:528 - Multi-source in Unit <top> on signal <Mcount_cnt60>; this signal is connected to multiple drivers.
Drivers are: 
   Output signal of FDC instance <cnt_30>
   Signal <cnt<30>> in Unit <top> is assigned to GND

ERROR:Xst:528 - Multi-source in Unit <top> on signal <Mcount_cnt62>; this signal is connected to multiple drivers.
Drivers are: 
   Output signal of FDC instance <cnt_31>
   Signal <cnt<31>> in Unit <top> is assigned to GND


Total REAL time to Xst completion: 2.00 secs
Total CPU time to Xst completion: 2.28 secs
 
--> 

Total memory usage is 126376 kilobytes

Number of errors   :   32 (   0 filtered)
Number of warnings :    0 (   0 filtered)
Number of infos    :    1 (   0 filtered)

